TN:
SF:src\index.ts
FN:19,ensureStore
FN:29,readStore
FN:41,writeStore
FN:45,nextId
FN:46,(anonymous_6)
FN:51,parseId
FN:58,(anonymous_8)
FN:63,(anonymous_9)
FN:70,(anonymous_10)
FN:88,(anonymous_11)
FN:96,(anonymous_12)
FN:107,(anonymous_13)
FN:121,(anonymous_14)
FN:134,(anonymous_15)
FN:142,(anonymous_16)
FN:149,(anonymous_17)
FN:158,(anonymous_18)
FNF:17
FNH:15
FNDA:12,ensureStore
FNDA:12,readStore
FNDA:8,writeStore
FNDA:6,nextId
FNDA:1,(anonymous_6)
FNDA:8,parseId
FNDA:0,(anonymous_8)
FNDA:1,(anonymous_9)
FNDA:8,(anonymous_10)
FNDA:4,(anonymous_11)
FNDA:2,(anonymous_12)
FNDA:2,(anonymous_13)
FNDA:1,(anonymous_14)
FNDA:2,(anonymous_15)
FNDA:1,(anonymous_16)
FNDA:1,(anonymous_17)
FNDA:0,(anonymous_18)
DA:1,1
DA:4,1
DA:5,1
DA:10,1
DA:11,1
DA:13,1
DA:14,1
DA:16,1
DA:20,12
DA:21,12
DA:22,12
DA:25,0
DA:30,12
DA:31,12
DA:32,12
DA:33,12
DA:36,0
DA:37,0
DA:42,8
DA:46,6
DA:47,6
DA:52,8
DA:53,8
DA:54,5
DA:58,1
DA:59,0
DA:63,1
DA:64,1
DA:65,1
DA:66,1
DA:70,1
DA:71,8
DA:73,8
DA:74,2
DA:75,2
DA:78,6
DA:79,6
DA:80,6
DA:81,6
DA:83,6
DA:84,6
DA:88,1
DA:89,4
DA:90,4
DA:91,1
DA:92,1
DA:95,3
DA:96,3
DA:98,3
DA:99,1
DA:100,1
DA:102,2
DA:103,2
DA:107,1
DA:108,2
DA:109,2
DA:111,2
DA:112,1
DA:113,1
DA:115,1
DA:116,0
DA:117,0
DA:120,1
DA:121,1
DA:122,1
DA:123,0
DA:124,0
DA:127,1
DA:128,1
DA:129,1
DA:130,1
DA:134,1
DA:135,2
DA:136,2
DA:137,1
DA:138,1
DA:141,1
DA:142,1
DA:144,1
DA:145,0
DA:146,0
DA:149,1
DA:150,1
DA:152,1
DA:153,1
DA:157,1
DA:158,0
DA:159,0
DA:163,17
LF:89
LH:77
BRDA:11,0,0,0
BRDA:11,0,1,1
BRDA:46,1,0,1
BRDA:46,1,1,0
BRDA:53,2,0,3
BRDA:53,2,1,5
BRDA:53,3,0,8
BRDA:53,3,1,5
BRDA:53,3,2,5
BRDA:73,4,0,2
BRDA:73,4,1,6
BRDA:73,5,0,8
BRDA:73,5,1,7
BRDA:90,6,0,1
BRDA:90,6,1,3
BRDA:98,7,0,1
BRDA:98,7,1,2
BRDA:111,8,0,1
BRDA:111,8,1,1
BRDA:115,9,0,0
BRDA:115,9,1,1
BRDA:115,10,0,1
BRDA:115,10,1,1
BRDA:122,11,0,0
BRDA:122,11,1,1
BRDA:136,12,0,1
BRDA:136,12,1,1
BRDA:144,13,0,0
BRDA:144,13,1,1
BRDA:157,14,0,0
BRDA:157,14,1,1
BRF:31
BRH:25
end_of_record
