TN:
SF:src\index.ts
FN:20,ensureStore
FN:30,readStore
FN:42,writeStore
FN:46,nextId
FN:47,(anonymous_6)
FN:52,parseId
FN:59,(anonymous_8)
FN:64,(anonymous_9)
FN:71,(anonymous_10)
FN:89,(anonymous_11)
FN:97,(anonymous_12)
FN:108,(anonymous_13)
FN:122,(anonymous_14)
FN:135,(anonymous_15)
FN:143,(anonymous_16)
FN:150,(anonymous_17)
FN:159,(anonymous_18)
FNF:17
FNH:15
FNDA:12,ensureStore
FNDA:12,readStore
FNDA:8,writeStore
FNDA:6,nextId
FNDA:1,(anonymous_6)
FNDA:8,parseId
FNDA:0,(anonymous_8)
FNDA:1,(anonymous_9)
FNDA:8,(anonymous_10)
FNDA:4,(anonymous_11)
FNDA:2,(anonymous_12)
FNDA:2,(anonymous_13)
FNDA:1,(anonymous_14)
FNDA:2,(anonymous_15)
FNDA:1,(anonymous_16)
FNDA:1,(anonymous_17)
FNDA:0,(anonymous_18)
DA:1,1
DA:3,1
DA:4,1
DA:5,1
DA:10,1
DA:11,1
DA:13,1
DA:14,1
DA:16,1
DA:17,1
DA:21,12
DA:22,12
DA:23,12
DA:26,0
DA:31,12
DA:32,12
DA:33,12
DA:34,12
DA:37,0
DA:38,0
DA:43,8
DA:47,6
DA:48,6
DA:53,8
DA:54,8
DA:55,5
DA:59,1
DA:60,0
DA:64,1
DA:65,1
DA:66,1
DA:67,1
DA:71,1
DA:72,8
DA:74,8
DA:75,2
DA:76,2
DA:79,6
DA:80,6
DA:81,6
DA:82,6
DA:84,6
DA:85,6
DA:89,1
DA:90,4
DA:91,4
DA:92,1
DA:93,1
DA:96,3
DA:97,3
DA:99,3
DA:100,1
DA:101,1
DA:103,2
DA:104,2
DA:108,1
DA:109,2
DA:110,2
DA:112,2
DA:113,1
DA:114,1
DA:116,1
DA:117,0
DA:118,0
DA:121,1
DA:122,1
DA:123,1
DA:124,0
DA:125,0
DA:128,1
DA:129,1
DA:130,1
DA:131,1
DA:135,1
DA:136,2
DA:137,2
DA:138,1
DA:139,1
DA:142,1
DA:143,1
DA:145,1
DA:146,0
DA:147,0
DA:150,1
DA:151,1
DA:153,1
DA:154,1
DA:158,1
DA:159,0
DA:160,0
DA:164,17
LF:91
LH:79
BRDA:11,0,0,0
BRDA:11,0,1,1
BRDA:47,1,0,1
BRDA:47,1,1,0
BRDA:54,2,0,3
BRDA:54,2,1,5
BRDA:54,3,0,8
BRDA:54,3,1,5
BRDA:54,3,2,5
BRDA:74,4,0,2
BRDA:74,4,1,6
BRDA:74,5,0,8
BRDA:74,5,1,7
BRDA:91,6,0,1
BRDA:91,6,1,3
BRDA:99,7,0,1
BRDA:99,7,1,2
BRDA:112,8,0,1
BRDA:112,8,1,1
BRDA:116,9,0,0
BRDA:116,9,1,1
BRDA:116,10,0,1
BRDA:116,10,1,1
BRDA:123,11,0,0
BRDA:123,11,1,1
BRDA:137,12,0,1
BRDA:137,12,1,1
BRDA:145,13,0,0
BRDA:145,13,1,1
BRDA:158,14,0,0
BRDA:158,14,1,1
BRF:31
BRH:25
end_of_record
